[debug] [2025-06-26T20:34:35.544Z] ----------------------------------------------------------------------
[debug] [2025-06-26T20:34:35.556Z] Command:       C:\Program Files\nodejs\node.exe C:\Users\gebruiker\AppData\Roaming\npm\node_modules\firebase-tools\lib\bin\firebase.js deploy --only firestore:indexes
[debug] [2025-06-26T20:34:35.557Z] CLI Version:   14.6.0
[debug] [2025-06-26T20:34:35.557Z] Platform:      win32
[debug] [2025-06-26T20:34:35.558Z] Node Version:  v22.16.0
[debug] [2025-06-26T20:34:35.559Z] Time:          Thu Jun 26 2025 22:34:35 GMT+0200 (Central European Summer Time)
[debug] [2025-06-26T20:34:35.559Z] ----------------------------------------------------------------------
[debug] 
[debug] [2025-06-26T20:34:36.286Z] > command requires scopes: ["email","openid","https://www.googleapis.com/auth/cloudplatformprojects.readonly","https://www.googleapis.com/auth/firebase","https://www.googleapis.com/auth/cloud-platform"]
[debug] [2025-06-26T20:34:36.287Z] > authorizing via signed-in user (app7mobile@gmail.com)
[debug] [2025-06-26T20:34:36.287Z] [iam] checking project loxconnect-pro for permissions ["datastore.indexes.create","datastore.indexes.delete","datastore.indexes.list","datastore.indexes.update","firebase.projects.get"]
[debug] [2025-06-26T20:34:36.289Z] Checked if tokens are valid: true, expires at: 1750973653397
[debug] [2025-06-26T20:34:36.289Z] Checked if tokens are valid: true, expires at: 1750973653397
[debug] [2025-06-26T20:34:36.291Z] >>> [apiv2][query] POST https://cloudresourcemanager.googleapis.com/v1/projects/loxconnect-pro:testIamPermissions [none]
[debug] [2025-06-26T20:34:36.291Z] >>> [apiv2][(partial)header] POST https://cloudresourcemanager.googleapis.com/v1/projects/loxconnect-pro:testIamPermissions x-goog-quota-user=projects/loxconnect-pro
[debug] [2025-06-26T20:34:36.291Z] >>> [apiv2][body] POST https://cloudresourcemanager.googleapis.com/v1/projects/loxconnect-pro:testIamPermissions {"permissions":["datastore.indexes.create","datastore.indexes.delete","datastore.indexes.list","datastore.indexes.update","firebase.projects.get"]}
[debug] [2025-06-26T20:34:37.171Z] <<< [apiv2][status] POST https://cloudresourcemanager.googleapis.com/v1/projects/loxconnect-pro:testIamPermissions 200
[debug] [2025-06-26T20:34:37.171Z] <<< [apiv2][body] POST https://cloudresourcemanager.googleapis.com/v1/projects/loxconnect-pro:testIamPermissions {"permissions":["datastore.indexes.create","datastore.indexes.delete","datastore.indexes.list","datastore.indexes.update","firebase.projects.get"]}
[info] 
[info] === Deploying to 'loxconnect-pro'...
[info] 
[info] i  deploying firestore 
[info] i  firestore: reading indexes from firestore.indexes.json... 
[debug] [2025-06-26T20:34:37.236Z] Checked if tokens are valid: true, expires at: 1750973653397
[debug] [2025-06-26T20:34:37.237Z] Checked if tokens are valid: true, expires at: 1750973653397
[debug] [2025-06-26T20:34:37.237Z] >>> [apiv2][query] GET https://firestore.googleapis.com/v1/projects/loxconnect-pro/databases/(default) [none]
[debug] [2025-06-26T20:34:37.370Z] <<< [apiv2][status] GET https://firestore.googleapis.com/v1/projects/loxconnect-pro/databases/(default) 200
[debug] [2025-06-26T20:34:37.370Z] <<< [apiv2][body] GET https://firestore.googleapis.com/v1/projects/loxconnect-pro/databases/(default) {"name":"projects/loxconnect-pro/databases/(default)","uid":"50b8d2bf-7cc9-4360-9796-71507c1083e3","createTime":"2025-06-06T14:50:35.784807Z","updateTime":"2025-06-06T14:50:35.784807Z","locationId":"europe-west4","type":"FIRESTORE_NATIVE","concurrencyMode":"PESSIMISTIC","versionRetentionPeriod":"3600s","earliestVersionTime":"2025-06-26T19:34:37.106104Z","appEngineIntegrationMode":"DISABLED","pointInTimeRecoveryEnablement":"POINT_IN_TIME_RECOVERY_DISABLED","deleteProtectionState":"DELETE_PROTECTION_DISABLED","databaseEdition":"STANDARD","freeTier":true,"etag":"IMua1ev3j44DMIz658KG3Y0D"}
[info] i  firestore: deploying indexes... 
[debug] [2025-06-26T20:34:37.375Z] Checked if tokens are valid: true, expires at: 1750973653397
[debug] [2025-06-26T20:34:37.376Z] Checked if tokens are valid: true, expires at: 1750973653397
[debug] [2025-06-26T20:34:37.376Z] >>> [apiv2][query] GET https://firestore.googleapis.com/v1/projects/loxconnect-pro/databases/(default)/collectionGroups/-/indexes [none]
[debug] [2025-06-26T20:34:37.450Z] <<< [apiv2][status] GET https://firestore.googleapis.com/v1/projects/loxconnect-pro/databases/(default)/collectionGroups/-/indexes 200
[debug] [2025-06-26T20:34:37.450Z] <<< [apiv2][body] GET https://firestore.googleapis.com/v1/projects/loxconnect-pro/databases/(default)/collectionGroups/-/indexes {"indexes":[{"name":"projects/loxconnect-pro/databases/(default)/collectionGroups/messages/indexes/CICAgJim14AK","queryScope":"COLLECTION","fields":[{"fieldPath":"quoteRequestId","order":"ASCENDING"},{"fieldPath":"createdAt","order":"DESCENDING"},{"fieldPath":"__name__","order":"DESCENDING"}],"state":"READY","density":"SPARSE_ALL"},{"name":"projects/loxconnect-pro/databases/(default)/collectionGroups/messages/indexes/CICAgOjXh4EK","queryScope":"COLLECTION","fields":[{"fieldPath":"quoteRequestId","order":"ASCENDING"},{"fieldPath":"createdAt","order":"ASCENDING"},{"fieldPath":"__name__","order":"ASCENDING"}],"state":"READY","density":"SPARSE_ALL"},{"name":"projects/loxconnect-pro/databases/(default)/collectionGroups/notifications/indexes/CICAgJjF9oIK","queryScope":"COLLECTION","fields":[{"fieldPath":"targetCountry","order":"ASCENDING"},{"fieldPath":"isRead","order":"ASCENDING"},{"fieldPath":"__name__","order":"ASCENDING"}],"state":"READY","density":"SPARSE_ALL"},{"name":"projects/loxconnect-pro/databases/(default)/collectionGroups/messages/indexes/CICAgJiUpoMK","queryScope":"COLLECTION","fields":[{"fieldPath":"participants","arrayConfig":"CONTAINS"},{"fieldPath":"createdAt","order":"DESCENDING"},{"fieldPath":"__name__","order":"DESCENDING"}],"state":"READY","density":"SPARSE_ALL"},{"name":"projects/loxconnect-pro/databases/(default)/collectionGroups/notifications/indexes/CICAgOi3kJAK","queryScope":"COLLECTION","fields":[{"fieldPath":"targetCountry","order":"ASCENDING"},{"fieldPath":"createdAt","order":"DESCENDING"},{"fieldPath":"__name__","order":"DESCENDING"}],"state":"READY","density":"SPARSE_ALL"}]}
[debug] [2025-06-26T20:34:37.451Z] Checked if tokens are valid: true, expires at: 1750973653397
[debug] [2025-06-26T20:34:37.451Z] Checked if tokens are valid: true, expires at: 1750973653397
[debug] [2025-06-26T20:34:37.451Z] >>> [apiv2][query] GET https://firestore.googleapis.com/v1/projects/loxconnect-pro/databases/(default)/collectionGroups/-/fields?filter=indexConfig.usesAncestorConfig=false OR ttlConfig:* [none]
[debug] [2025-06-26T20:34:37.503Z] <<< [apiv2][status] GET https://firestore.googleapis.com/v1/projects/loxconnect-pro/databases/(default)/collectionGroups/-/fields?filter=indexConfig.usesAncestorConfig=false OR ttlConfig:* 200
[debug] [2025-06-26T20:34:37.503Z] <<< [apiv2][body] GET https://firestore.googleapis.com/v1/projects/loxconnect-pro/databases/(default)/collectionGroups/-/fields?filter=indexConfig.usesAncestorConfig=false OR ttlConfig:* {"fields":[{"name":"projects/loxconnect-pro/databases/(default)/collectionGroups/__default__/fields/*","indexConfig":{"indexes":[{"queryScope":"COLLECTION","fields":[{"fieldPath":"*","order":"ASCENDING"}],"state":"READY"},{"queryScope":"COLLECTION","fields":[{"fieldPath":"*","order":"DESCENDING"}],"state":"READY"},{"queryScope":"COLLECTION","fields":[{"fieldPath":"*","arrayConfig":"CONTAINS"}],"state":"READY"}]}}]}
[info] i  firestore: The following indexes are defined in your project but are not present in your firestore indexes file:
	(messages) -- (quoteRequestId,ASCENDING) (createdAt,DESCENDING) 
	(messages) -- (participants,CONTAINS) (createdAt,DESCENDING)  
[debug] [2025-06-26T20:36:38.534Z] ----------------------------------------------------------------------
[debug] [2025-06-26T20:36:38.547Z] Command:       C:\Program Files\nodejs\node.exe C:\Users\gebruiker\AppData\Roaming\npm\node_modules\firebase-tools\lib\bin\firebase.js deploy --only firestore:indexes
[debug] [2025-06-26T20:36:38.549Z] CLI Version:   14.6.0
[debug] [2025-06-26T20:36:38.549Z] Platform:      win32
[debug] [2025-06-26T20:36:38.549Z] Node Version:  v22.16.0
[debug] [2025-06-26T20:36:38.550Z] Time:          Thu Jun 26 2025 22:36:38 GMT+0200 (Central European Summer Time)
[debug] [2025-06-26T20:36:38.551Z] ----------------------------------------------------------------------
[debug] 
[debug] [2025-06-26T20:36:39.500Z] > command requires scopes: ["email","openid","https://www.googleapis.com/auth/cloudplatformprojects.readonly","https://www.googleapis.com/auth/firebase","https://www.googleapis.com/auth/cloud-platform"]
[debug] [2025-06-26T20:36:39.501Z] > authorizing via signed-in user (app7mobile@gmail.com)
[debug] [2025-06-26T20:36:39.502Z] [iam] checking project loxconnect-pro for permissions ["datastore.indexes.create","datastore.indexes.delete","datastore.indexes.list","datastore.indexes.update","firebase.projects.get"]
[debug] [2025-06-26T20:36:39.513Z] Checked if tokens are valid: true, expires at: 1750973653397
[debug] [2025-06-26T20:36:39.514Z] Checked if tokens are valid: true, expires at: 1750973653397
[debug] [2025-06-26T20:36:39.517Z] >>> [apiv2][query] POST https://cloudresourcemanager.googleapis.com/v1/projects/loxconnect-pro:testIamPermissions [none]
[debug] [2025-06-26T20:36:39.518Z] >>> [apiv2][(partial)header] POST https://cloudresourcemanager.googleapis.com/v1/projects/loxconnect-pro:testIamPermissions x-goog-quota-user=projects/loxconnect-pro
[debug] [2025-06-26T20:36:39.518Z] >>> [apiv2][body] POST https://cloudresourcemanager.googleapis.com/v1/projects/loxconnect-pro:testIamPermissions {"permissions":["datastore.indexes.create","datastore.indexes.delete","datastore.indexes.list","datastore.indexes.update","firebase.projects.get"]}
[debug] [2025-06-26T20:36:40.494Z] <<< [apiv2][status] POST https://cloudresourcemanager.googleapis.com/v1/projects/loxconnect-pro:testIamPermissions 200
[debug] [2025-06-26T20:36:40.494Z] <<< [apiv2][body] POST https://cloudresourcemanager.googleapis.com/v1/projects/loxconnect-pro:testIamPermissions {"permissions":["datastore.indexes.create","datastore.indexes.delete","datastore.indexes.list","datastore.indexes.update","firebase.projects.get"]}
[info] 
[info] === Deploying to 'loxconnect-pro'...
[info] 
[info] i  deploying firestore 
[info] i  firestore: reading indexes from firestore.indexes.json... 
[debug] [2025-06-26T20:36:40.508Z] Checked if tokens are valid: true, expires at: 1750973653397
[debug] [2025-06-26T20:36:40.508Z] Checked if tokens are valid: true, expires at: 1750973653397
[debug] [2025-06-26T20:36:40.509Z] >>> [apiv2][query] GET https://firestore.googleapis.com/v1/projects/loxconnect-pro/databases/(default) [none]
[debug] [2025-06-26T20:36:40.625Z] <<< [apiv2][status] GET https://firestore.googleapis.com/v1/projects/loxconnect-pro/databases/(default) 200
[debug] [2025-06-26T20:36:40.625Z] <<< [apiv2][body] GET https://firestore.googleapis.com/v1/projects/loxconnect-pro/databases/(default) {"name":"projects/loxconnect-pro/databases/(default)","uid":"50b8d2bf-7cc9-4360-9796-71507c1083e3","createTime":"2025-06-06T14:50:35.784807Z","updateTime":"2025-06-06T14:50:35.784807Z","locationId":"europe-west4","type":"FIRESTORE_NATIVE","concurrencyMode":"PESSIMISTIC","versionRetentionPeriod":"3600s","earliestVersionTime":"2025-06-26T19:36:40.359822Z","appEngineIntegrationMode":"DISABLED","pointInTimeRecoveryEnablement":"POINT_IN_TIME_RECOVERY_DISABLED","deleteProtectionState":"DELETE_PROTECTION_DISABLED","databaseEdition":"STANDARD","freeTier":true,"etag":"INOAuKb4j44DMIz658KG3Y0D"}
[info] i  firestore: deploying indexes... 
[debug] [2025-06-26T20:36:40.629Z] Checked if tokens are valid: true, expires at: 1750973653397
[debug] [2025-06-26T20:36:40.629Z] Checked if tokens are valid: true, expires at: 1750973653397
[debug] [2025-06-26T20:36:40.630Z] >>> [apiv2][query] GET https://firestore.googleapis.com/v1/projects/loxconnect-pro/databases/(default)/collectionGroups/-/indexes [none]
[debug] [2025-06-26T20:36:40.677Z] <<< [apiv2][status] GET https://firestore.googleapis.com/v1/projects/loxconnect-pro/databases/(default)/collectionGroups/-/indexes 200
[debug] [2025-06-26T20:36:40.677Z] <<< [apiv2][body] GET https://firestore.googleapis.com/v1/projects/loxconnect-pro/databases/(default)/collectionGroups/-/indexes {"indexes":[{"name":"projects/loxconnect-pro/databases/(default)/collectionGroups/messages/indexes/CICAgJim14AK","queryScope":"COLLECTION","fields":[{"fieldPath":"quoteRequestId","order":"ASCENDING"},{"fieldPath":"createdAt","order":"DESCENDING"},{"fieldPath":"__name__","order":"DESCENDING"}],"state":"READY","density":"SPARSE_ALL"},{"name":"projects/loxconnect-pro/databases/(default)/collectionGroups/messages/indexes/CICAgOjXh4EK","queryScope":"COLLECTION","fields":[{"fieldPath":"quoteRequestId","order":"ASCENDING"},{"fieldPath":"createdAt","order":"ASCENDING"},{"fieldPath":"__name__","order":"ASCENDING"}],"state":"READY","density":"SPARSE_ALL"},{"name":"projects/loxconnect-pro/databases/(default)/collectionGroups/notifications/indexes/CICAgJjF9oIK","queryScope":"COLLECTION","fields":[{"fieldPath":"targetCountry","order":"ASCENDING"},{"fieldPath":"isRead","order":"ASCENDING"},{"fieldPath":"__name__","order":"ASCENDING"}],"state":"READY","density":"SPARSE_ALL"},{"name":"projects/loxconnect-pro/databases/(default)/collectionGroups/messages/indexes/CICAgJiUpoMK","queryScope":"COLLECTION","fields":[{"fieldPath":"participants","arrayConfig":"CONTAINS"},{"fieldPath":"createdAt","order":"DESCENDING"},{"fieldPath":"__name__","order":"DESCENDING"}],"state":"READY","density":"SPARSE_ALL"},{"name":"projects/loxconnect-pro/databases/(default)/collectionGroups/notifications/indexes/CICAgOi3kJAK","queryScope":"COLLECTION","fields":[{"fieldPath":"targetCountry","order":"ASCENDING"},{"fieldPath":"createdAt","order":"DESCENDING"},{"fieldPath":"__name__","order":"DESCENDING"}],"state":"READY","density":"SPARSE_ALL"}]}
[debug] [2025-06-26T20:36:40.678Z] Checked if tokens are valid: true, expires at: 1750973653397
[debug] [2025-06-26T20:36:40.678Z] Checked if tokens are valid: true, expires at: 1750973653397
[debug] [2025-06-26T20:36:40.679Z] >>> [apiv2][query] GET https://firestore.googleapis.com/v1/projects/loxconnect-pro/databases/(default)/collectionGroups/-/fields?filter=indexConfig.usesAncestorConfig=false OR ttlConfig:* [none]
[debug] [2025-06-26T20:36:40.714Z] <<< [apiv2][status] GET https://firestore.googleapis.com/v1/projects/loxconnect-pro/databases/(default)/collectionGroups/-/fields?filter=indexConfig.usesAncestorConfig=false OR ttlConfig:* 200
[debug] [2025-06-26T20:36:40.714Z] <<< [apiv2][body] GET https://firestore.googleapis.com/v1/projects/loxconnect-pro/databases/(default)/collectionGroups/-/fields?filter=indexConfig.usesAncestorConfig=false OR ttlConfig:* {"fields":[{"name":"projects/loxconnect-pro/databases/(default)/collectionGroups/__default__/fields/*","indexConfig":{"indexes":[{"queryScope":"COLLECTION","fields":[{"fieldPath":"*","order":"ASCENDING"}],"state":"READY"},{"queryScope":"COLLECTION","fields":[{"fieldPath":"*","order":"DESCENDING"}],"state":"READY"},{"queryScope":"COLLECTION","fields":[{"fieldPath":"*","arrayConfig":"CONTAINS"}],"state":"READY"}]}}]}
[info] i  firestore: The following indexes are defined in your project but are not present in your firestore indexes file:
	(messages) -- (quoteRequestId,ASCENDING) (createdAt,DESCENDING) 
	(notifications) -- (targetCountry,ASCENDING) (isRead,ASCENDING) 
	(messages) -- (participants,CONTAINS) (createdAt,DESCENDING) 
	(notifications) -- (targetCountry,ASCENDING) (createdAt,DESCENDING)  
